# JRE version: OpenJDK Runtime Environment Temurin-17.0.12+7 (17.0.12+7) (build 17.0.12+7)
# Java VM: OpenJDK 64-Bit Server VM Temurin-17.0.12+7 (17.0.12+7, mixed mode, tiered, compressed oops, compressed class ptrs, parallel gc, linux-amd64)
GC Precious Log:
 CPUs: 4 total, 4 available
 Memory: 7821M
 Large Page Support: Disabled
 NUMA Support: Disabled
 Compressed Oops: Enabled (32-bit)
 Alignments: Space 512K, Generation 512K, Heap 2M
 Heap Min Capacity: 100M
 Heap Initial Capacity: 100M
 Heap Max Capacity: 1G
 Pre-touch: Disabled
 Parallel Workers: 4
Heap:
 PSYoungGen      total 3584K, used 489K [0x00000000eab00000, 0x00000000eb700000, 0x0000000100000000)
  eden space 3072K, 0% used [0x00000000eab00000,0x00000000eab00000,0x00000000eae00000)
  from space 512K, 95% used [0x00000000eb200000,0x00000000eb27a750,0x00000000eb280000)
  to   space 4096K, 0% used [0x00000000eae00000,0x00000000eae00000,0x00000000eb200000)
 ParOldGen       total 113152K, used 112801K [0x00000000c0000000, 0x00000000c6e80000, 0x00000000eab00000)
  object space 113152K, 99% used [0x00000000c0000000,0x00000000c6e28428,0x00000000c6e80000)
 Metaspace       used 94028K, committed 95168K, reserved 1179648K
  class space    used 9724K, committed 10240K, reserved 1048576K
GC Heap History (20 events):
Event: 7625.439 GC heap after
{Heap after GC invocations=1604 (full 25):
 PSYoungGen      total 5120K, used 2016K [0x00000000eab00000, 0x00000000eb280000, 0x0000000100000000)
  eden space 2560K, 0% used [0x00000000eab00000,0x00000000eab00000,0x00000000ead80000)
  from space 2560K, 78% used [0x00000000ead80000,0x00000000eaf78000,0x00000000eb000000)
  to   space 2560K, 0% used [0x00000000eb000000,0x00000000eb000000,0x00000000eb280000)
 ParOldGen       total 113152K, used 99751K [0x00000000c0000000, 0x00000000c6e80000, 0x00000000eab00000)
  object space 113152K, 88% used [0x00000000c0000000,0x00000000c6169dd8,0x00000000c6e80000)
 Metaspace       used 93990K, committed 95168K, reserved 1179648K
  class space    used 9724K, committed 10240K, reserved 1048576K
}
Event: 7625.442 GC heap before
{Heap before GC invocations=1605 (full 25):
 PSYoungGen      total 5120K, used 4576K [0x00000000eab00000, 0x00000000eb280000, 0x0000000100000000)
  eden space 2560K, 100% used [0x00000000eab00000,0x00000000ead80000,0x00000000ead80000)
  from space 2560K, 78% used [0x00000000ead80000,0x00000000eaf78000,0x00000000eb000000)
  to   space 2560K, 0% used [0x00000000eb000000,0x00000000eb000000,0x00000000eb280000)
 ParOldGen       total 113152K, used 99751K [0x00000000c0000000, 0x00000000c6e80000, 0x00000000eab00000)
  object space 113152K, 88% used [0x00000000c0000000,0x00000000c6169dd8,0x00000000c6e80000)
 Metaspace       used 93990K, committed 95168K, reserved 1179648K
  class space    used 9724K, committed 10240K, reserved 1048576K
}
Event: 7625.447 GC heap after
{Heap after GC invocations=1605 (full 25):
 PSYoungGen      total 5120K, used 1696K [0x00000000eab00000, 0x00000000eb200000, 0x0000000100000000)
  eden space 3072K, 0% used [0x00000000eab00000,0x00000000eab00000,0x00000000eae00000)
  from space 2048K, 82% used [0x00000000eb000000,0x00000000eb1a8000,0x00000000eb200000)
  to   space 2048K, 0% used [0x00000000eae00000,0x00000000eae00000,0x00000000eb000000)
 ParOldGen       total 113152K, used 101719K [0x00000000c0000000, 0x00000000c6e80000, 0x00000000eab00000)
  object space 113152K, 89% used [0x00000000c0000000,0x00000000c6355df8,0x00000000c6e80000)
 Metaspace       used 93990K, committed 95168K, reserved 1179648K
  class space    used 9724K, committed 10240K, reserved 1048576K
}
Event: 7625.469 GC heap before
{Heap before GC invocations=1606 (full 25):
 PSYoungGen      total 5120K, used 4768K [0x00000000eab00000, 0x00000000eb200000, 0x0000000100000000)
  eden space 3072K, 100% used [0x00000000eab00000,0x00000000eae00000,0x00000000eae00000)
  from space 2048K, 82% used [0x00000000eb000000,0x00000000eb1a8000,0x00000000eb200000)
  to   space 2048K, 0% used [0x00000000eae00000,0x00000000eae00000,0x00000000eb000000)
 ParOldGen       total 113152K, used 101719K [0x00000000c0000000, 0x00000000c6e80000, 0x00000000eab00000)
  object space 113152K, 89% used [0x00000000c0000000,0x00000000c6355df8,0x00000000c6e80000)
 Metaspace       used 93991K, committed 95168K, reserved 1179648K
  class space    used 9724K, committed 10240K, reserved 1048576K
}
Event: 7625.473 GC heap after
{Heap after GC invocations=1606 (full 25):
 PSYoungGen      total 5120K, used 2040K [0x00000000eab00000, 0x00000000eb800000, 0x0000000100000000)
  eden space 3072K, 0% used [0x00000000eab00000,0x00000000eab00000,0x00000000eae00000)
  from space 2048K, 99% used [0x00000000eae00000,0x00000000eaffe000,0x00000000eb000000)
  to   space 4608K, 0% used [0x00000000eb380000,0x00000000eb380000,0x00000000eb800000)
 ParOldGen       total 113152K, used 103592K [0x00000000c0000000, 0x00000000c6e80000, 0x00000000eab00000)
  object space 113152K, 91% used [0x00000000c0000000,0x00000000c652a080,0x00000000c6e80000)
 Metaspace       used 93991K, committed 95168K, reserved 1179648K
  class space    used 9724K, committed 10240K, reserved 1048576K
}
Event: 7625.487 GC heap before
{Heap before GC invocations=1607 (full 25):
 PSYoungGen      total 5120K, used 5111K [0x00000000eab00000, 0x00000000eb800000, 0x0000000100000000)
  eden space 3072K, 99% used [0x00000000eab00000,0x00000000eadfff38,0x00000000eae00000)
  from space 2048K, 99% used [0x00000000eae00000,0x00000000eaffe000,0x00000000eb000000)
  to   space 4608K, 0% used [0x00000000eb380000,0x00000000eb380000,0x00000000eb800000)
 ParOldGen       total 113152K, used 103592K [0x00000000c0000000, 0x00000000c6e80000, 0x00000000eab00000)
  object space 113152K, 91% used [0x00000000c0000000,0x00000000c652a080,0x00000000c6e80000)
 Metaspace       used 93991K, committed 95168K, reserved 1179648K
  class space    used 9724K, committed 10240K, reserved 1048576K
}
Event: 7625.491 GC heap after
{Heap after GC invocations=1607 (full 25):
 PSYoungGen      total 7680K, used 3108K [0x00000000eab00000, 0x00000000eb700000, 0x0000000100000000)
  eden space 4096K, 0% used [0x00000000eab00000,0x00000000eab00000,0x00000000eaf00000)
  from space 3584K, 86% used [0x00000000eb380000,0x00000000eb6893b0,0x00000000eb700000)
  to   space 3584K, 0% used [0x00000000eb000000,0x00000000eb000000,0x00000000eb380000)
 ParOldGen       total 113152K, used 105656K [0x00000000c0000000, 0x00000000c6e80000, 0x00000000eab00000)
  object space 113152K, 93% used [0x00000000c0000000,0x00000000c672e080,0x00000000c6e80000)
 Metaspace       used 93991K, committed 95168K, reserved 1179648K
  class space    used 9724K, committed 10240K, reserved 1048576K
}
Event: 7625.630 GC heap before
{Heap before GC invocations=1608 (full 25):
 PSYoungGen      total 7680K, used 7204K [0x00000000eab00000, 0x00000000eb700000, 0x0000000100000000)
  eden space 4096K, 99% used [0x00000000eab00000,0x00000000eaefffd8,0x00000000eaf00000)
  from space 3584K, 86% used [0x00000000eb380000,0x00000000eb6893b0,0x00000000eb700000)
  to   space 3584K, 0% used [0x00000000eb000000,0x00000000eb000000,0x00000000eb380000)
 ParOldGen       total 113152K, used 105656K [0x00000000c0000000, 0x00000000c6e80000, 0x00000000eab00000)
  object space 113152K, 93% used [0x00000000c0000000,0x00000000c672e080,0x00000000c6e80000)
 Metaspace       used 93996K, committed 95168K, reserved 1179648K
  class space    used 9724K, committed 10240K, reserved 1048576K
}
Event: 7625.638 GC heap after
{Heap after GC invocations=1608 (full 25):
 PSYoungGen      total 5632K, used 1136K [0x00000000eab00000, 0x00000000eb400000, 0x0000000100000000)
  eden space 4096K, 0% used [0x00000000eab00000,0x00000000eab00000,0x00000000eaf00000)
  from space 1536K, 73% used [0x00000000eb000000,0x00000000eb11c020,0x00000000eb180000)
  to   space 2048K, 0% used [0x00000000eb200000,0x00000000eb200000,0x00000000eb400000)
 ParOldGen       total 113152K, used 108717K [0x00000000c0000000, 0x00000000c6e80000, 0x00000000eab00000)
  object space 113152K, 96% used [0x00000000c0000000,0x00000000c6a2b430,0x00000000c6e80000)
 Metaspace       used 93996K, committed 95168K, reserved 1179648K
  class space    used 9724K, committed 10240K, reserved 1048576K
}
Event: 7625.990 GC heap before
{Heap before GC invocations=1609 (full 25):
 PSYoungGen      total 5632K, used 5232K [0x00000000eab00000, 0x00000000eb400000, 0x0000000100000000)
  eden space 4096K, 100% used [0x00000000eab00000,0x00000000eaf00000,0x00000000eaf00000)
  from space 1536K, 73% used [0x00000000eb000000,0x00000000eb11c020,0x00000000eb180000)
  to   space 2048K, 0% used [0x00000000eb200000,0x00000000eb200000,0x00000000eb400000)
 ParOldGen       total 113152K, used 108717K [0x00000000c0000000, 0x00000000c6e80000, 0x00000000eab00000)
  object space 113152K, 96% used [0x00000000c0000000,0x00000000c6a2b430,0x00000000c6e80000)
 Metaspace       used 94000K, committed 95168K, reserved 1179648K
  class space    used 9724K, committed 10240K, reserved 1048576K
}
Event: 7625.992 GC heap after
{Heap after GC invocations=1609 (full 25):
 PSYoungGen      total 4608K, used 480K [0x00000000eab00000, 0x00000000eb280000, 0x0000000100000000)
  eden space 4096K, 0% used [0x00000000eab00000,0x00000000eab00000,0x00000000eaf00000)
  from space 512K, 93% used [0x00000000eb200000,0x00000000eb278020,0x00000000eb280000)
  to   space 1024K, 0% used [0x00000000eb080000,0x00000000eb080000,0x00000000eb180000)
 ParOldGen       total 113152K, used 109799K [0x00000000c0000000, 0x00000000c6e80000, 0x00000000eab00000)
  object space 113152K, 97% used [0x00000000c0000000,0x00000000c6b39cd8,0x00000000c6e80000)
 Metaspace       used 94000K, committed 95168K, reserved 1179648K
  class space    used 9724K, committed 10240K, reserved 1048576K
}
Event: 7626.332 GC heap before
{Heap before GC invocations=1610 (full 25):
 PSYoungGen      total 4608K, used 4576K [0x00000000eab00000, 0x00000000eb280000, 0x0000000100000000)
  eden space 4096K, 100% used [0x00000000eab00000,0x00000000eaf00000,0x00000000eaf00000)
  from space 512K, 93% used [0x00000000eb200000,0x00000000eb278020,0x00000000eb280000)
  to   space 1024K, 0% used [0x00000000eb080000,0x00000000eb080000,0x00000000eb180000)
 ParOldGen       total 113152K, used 109799K [0x00000000c0000000, 0x00000000c6e80000, 0x00000000eab00000)
  object space 113152K, 97% used [0x00000000c0000000,0x00000000c6b39cd8,0x00000000c6e80000)
 Metaspace       used 94000K, committed 95168K, reserved 1179648K
  class space    used 9724K, committed 10240K, reserved 1048576K
}
Event: 7626.335 GC heap after
{Heap after GC invocations=1610 (full 25):
 PSYoungGen      total 5120K, used 64K [0x00000000eab00000, 0x00000000eb280000, 0x0000000100000000)
  eden space 4096K, 0% used [0x00000000eab00000,0x00000000eab00000,0x00000000eaf00000)
  from space 1024K, 6% used [0x00000000eb080000,0x00000000eb090000,0x00000000eb180000)
  to   space 512K, 0% used [0x00000000eb200000,0x00000000eb200000,0x00000000eb280000)
 ParOldGen       total 113152K, used 109831K [0x00000000c0000000, 0x00000000c6e80000, 0x00000000eab00000)
  object space 113152K, 97% used [0x00000000c0000000,0x00000000c6b41cd8,0x00000000c6e80000)
 Metaspace       used 94000K, committed 95168K, reserved 1179648K
  class space    used 9724K, committed 10240K, reserved 1048576K
}
Event: 7627.254 GC heap before
{Heap before GC invocations=1611 (full 25):
 PSYoungGen      total 5120K, used 4153K [0x00000000eab00000, 0x00000000eb280000, 0x0000000100000000)
  eden space 4096K, 99% used [0x00000000eab00000,0x00000000eaefe788,0x00000000eaf00000)
  from space 1024K, 6% used [0x00000000eb080000,0x00000000eb090000,0x00000000eb180000)
  to   space 512K, 0% used [0x00000000eb200000,0x00000000eb200000,0x00000000eb280000)
 ParOldGen       total 113152K, used 109831K [0x00000000c0000000, 0x00000000c6e80000, 0x00000000eab00000)
  object space 113152K, 97% used [0x00000000c0000000,0x00000000c6b41cd8,0x00000000c6e80000)
 Metaspace       used 94007K, committed 95168K, reserved 1179648K
  class space    used 9724K, committed 10240K, reserved 1048576K
}
Event: 7627.255 GC heap after
{Heap after GC invocations=1611 (full 25):
 PSYoungGen      total 4608K, used 96K [0x00000000eab00000, 0x00000000eb280000, 0x0000000100000000)
  eden space 4096K, 0% used [0x00000000eab00000,0x00000000eab00000,0x00000000eaf00000)
  from space 512K, 18% used [0x00000000eb200000,0x00000000eb218000,0x00000000eb280000)
  to   space 512K, 0% used [0x00000000eb180000,0x00000000eb180000,0x00000000eb200000)
 ParOldGen       total 113152K, used 109839K [0x00000000c0000000, 0x00000000c6e80000, 0x00000000eab00000)
  object space 113152K, 97% used [0x00000000c0000000,0x00000000c6b43cd8,0x00000000c6e80000)
 Metaspace       used 94007K, committed 95168K, reserved 1179648K
  class space    used 9724K, committed 10240K, reserved 1048576K
}
Event: 7634.429 GC heap before
{Heap before GC invocations=1612 (full 25):
 PSYoungGen      total 4608K, used 4192K [0x00000000eab00000, 0x00000000eb280000, 0x0000000100000000)
  eden space 4096K, 100% used [0x00000000eab00000,0x00000000eaf00000,0x00000000eaf00000)
  from space 512K, 18% used [0x00000000eb200000,0x00000000eb218000,0x00000000eb280000)
  to   space 512K, 0% used [0x00000000eb180000,0x00000000eb180000,0x00000000eb200000)
 ParOldGen       total 113152K, used 109839K [0x00000000c0000000, 0x00000000c6e80000, 0x00000000eab00000)
  object space 113152K, 97% used [0x00000000c0000000,0x00000000c6b43cd8,0x00000000c6e80000)
 Metaspace       used 94028K, committed 95168K, reserved 1179648K
  class space    used 9724K, committed 10240K, reserved 1048576K
}
Event: 7634.431 GC heap after
{Heap after GC invocations=1612 (full 25):
 PSYoungGen      total 4608K, used 160K [0x00000000eab00000, 0x00000000eb280000, 0x0000000100000000)
  eden space 4096K, 0% used [0x00000000eab00000,0x00000000eab00000,0x00000000eaf00000)
  from space 512K, 31% used [0x00000000eb180000,0x00000000eb1a8020,0x00000000eb200000)
  to   space 512K, 0% used [0x00000000eb200000,0x00000000eb200000,0x00000000eb280000)
 ParOldGen       total 113152K, used 109863K [0x00000000c0000000, 0x00000000c6e80000, 0x00000000eab00000)
  object space 113152K, 97% used [0x00000000c0000000,0x00000000c6b49cd8,0x00000000c6e80000)
 Metaspace       used 94028K, committed 95168K, reserved 1179648K
  class space    used 9724K, committed 10240K, reserved 1048576K
}
Event: 7634.438 GC heap before
{Heap before GC invocations=1613 (full 25):
 PSYoungGen      total 4608K, used 4256K [0x00000000eab00000, 0x00000000eb280000, 0x0000000100000000)
  eden space 4096K, 100% used [0x00000000eab00000,0x00000000eaf00000,0x00000000eaf00000)
  from space 512K, 31% used [0x00000000eb180000,0x00000000eb1a8020,0x00000000eb200000)
  to   space 512K, 0% used [0x00000000eb200000,0x00000000eb200000,0x00000000eb280000)
 ParOldGen       total 113152K, used 109863K [0x00000000c0000000, 0x00000000c6e80000, 0x00000000eab00000)
  object space 113152K, 97% used [0x00000000c0000000,0x00000000c6b49cd8,0x00000000c6e80000)
 Metaspace       used 94028K, committed 95168K, reserved 1179648K
  class space    used 9724K, committed 10240K, reserved 1048576K
}
Event: 7634.443 GC heap after
{Heap after GC invocations=1613 (full 25):
 PSYoungGen      total 3584K, used 489K [0x00000000eab00000, 0x00000000eb700000, 0x0000000100000000)
  eden space 3072K, 0% used [0x00000000eab00000,0x00000000eab00000,0x00000000eae00000)
  from space 512K, 95% used [0x00000000eb200000,0x00000000eb27a750,0x00000000eb280000)
  to   space 4096K, 0% used [0x00000000eae00000,0x00000000eae00000,0x00000000eb200000)
 ParOldGen       total 113152K, used 112801K [0x00000000c0000000, 0x00000000c6e80000, 0x00000000eab00000)
  object space 113152K, 99% used [0x00000000c0000000,0x00000000c6e28428,0x00000000c6e80000)
 Metaspace       used 94028K, committed 95168K, reserved 1179648K
  class space    used 9724K, committed 10240K, reserved 1048576K
}
Event: 7634.443 GC heap before
{Heap before GC invocations=1614 (full 26):
 PSYoungGen      total 3584K, used 489K [0x00000000eab00000, 0x00000000eb700000, 0x0000000100000000)
  eden space 3072K, 0% used [0x00000000eab00000,0x00000000eab00000,0x00000000eae00000)
  from space 512K, 95% used [0x00000000eb200000,0x00000000eb27a750,0x00000000eb280000)
  to   space 4096K, 0% used [0x00000000eae00000,0x00000000eae00000,0x00000000eb200000)
 ParOldGen       total 113152K, used 112801K [0x00000000c0000000, 0x00000000c6e80000, 0x00000000eab00000)
  object space 113152K, 99% used [0x00000000c0000000,0x00000000c6e28428,0x00000000c6e80000)
 Metaspace       used 94028K, committed 95168K, reserved 1179648K
  class space    used 9724K, committed 10240K, reserved 1048576K
}

